{"/Users/Asmita_Hajra/evaluation-shop/src/handlers/shop.handler.js": {"path":"/Users/Asmita_Hajra/evaluation-shop/src/handlers/shop.handler.js","statementMap":{"0":{"start":{"line":1,"column":21},"end":{"line":1,"column":56}},"1":{"start":{"line":7,"column":33},"end":{"line":24,"column":1}},"2":{"start":{"line":8,"column":23},"end":{"line":8,"column":38}},"3":{"start":{"line":10,"column":22},"end":{"line":10,"column":66}},"4":{"start":{"line":12,"column":21},"end":{"line":18,"column":3}},"5":{"start":{"line":19,"column":2},"end":{"line":22,"column":3}},"6":{"start":{"line":21,"column":4},"end":{"line":21,"column":58}},"7":{"start":{"line":23,"column":2},"end":{"line":23,"column":36}},"8":{"start":{"line":26,"column":25},"end":{"line":34,"column":1}},"9":{"start":{"line":27,"column":19},"end":{"line":27,"column":22}},"10":{"start":{"line":28,"column":24},"end":{"line":28,"column":34}},"11":{"start":{"line":29,"column":17},"end":{"line":29,"column":68}},"12":{"start":{"line":30,"column":2},"end":{"line":32,"column":3}},"13":{"start":{"line":31,"column":4},"end":{"line":31,"column":74}},"14":{"start":{"line":33,"column":2},"end":{"line":33,"column":51}},"15":{"start":{"line":36,"column":30},"end":{"line":45,"column":1}},"16":{"start":{"line":37,"column":19},"end":{"line":37,"column":22}},"17":{"start":{"line":38,"column":22},"end":{"line":38,"column":64}},"18":{"start":{"line":40,"column":22},"end":{"line":40,"column":24}},"19":{"start":{"line":41,"column":2},"end":{"line":43,"column":3}},"20":{"start":{"line":42,"column":4},"end":{"line":42,"column":55}},"21":{"start":{"line":44,"column":2},"end":{"line":44,"column":36}},"22":{"start":{"line":47,"column":0},"end":{"line":47,"column":87}}},"fnMap":{"0":{"name":"(anonymous_0)","decl":{"start":{"line":7,"column":33},"end":{"line":7,"column":34}},"loc":{"start":{"line":7,"column":53},"end":{"line":24,"column":1}},"line":7},"1":{"name":"(anonymous_1)","decl":{"start":{"line":26,"column":25},"end":{"line":26,"column":26}},"loc":{"start":{"line":26,"column":45},"end":{"line":34,"column":1}},"line":26},"2":{"name":"(anonymous_2)","decl":{"start":{"line":36,"column":30},"end":{"line":36,"column":31}},"loc":{"start":{"line":36,"column":50},"end":{"line":45,"column":1}},"line":36}},"branchMap":{"0":{"loc":{"start":{"line":19,"column":2},"end":{"line":22,"column":3}},"type":"if","locations":[{"start":{"line":19,"column":2},"end":{"line":22,"column":3}},{"start":{"line":19,"column":2},"end":{"line":22,"column":3}}],"line":19},"1":{"loc":{"start":{"line":30,"column":2},"end":{"line":32,"column":3}},"type":"if","locations":[{"start":{"line":30,"column":2},"end":{"line":32,"column":3}},{"start":{"line":30,"column":2},"end":{"line":32,"column":3}}],"line":30},"2":{"loc":{"start":{"line":41,"column":2},"end":{"line":43,"column":3}},"type":"if","locations":[{"start":{"line":41,"column":2},"end":{"line":43,"column":3}},{"start":{"line":41,"column":2},"end":{"line":43,"column":3}}],"line":41}},"s":{"0":1,"1":1,"2":2,"3":2,"4":2,"5":2,"6":1,"7":1,"8":1,"9":2,"10":2,"11":2,"12":2,"13":1,"14":1,"15":1,"16":2,"17":2,"18":2,"19":2,"20":1,"21":1,"22":1},"f":{"0":2,"1":2,"2":2},"b":{"0":[1,1],"1":[1,1],"2":[1,1]},"_coverageSchema":"1a1c01bbd47fc00a2c39e90264f33305004495a9","hash":"4873c8a34deb4ee36beb49986ccd7fdc1491568c"}
,"/Users/Asmita_Hajra/evaluation-shop/src/models/index.js": {"path":"/Users/Asmita_Hajra/evaluation-shop/src/models/index.js","statementMap":{"0":{"start":{"line":3,"column":11},"end":{"line":3,"column":24}},"1":{"start":{"line":4,"column":13},"end":{"line":4,"column":28}},"2":{"start":{"line":5,"column":18},"end":{"line":5,"column":38}},"3":{"start":{"line":6,"column":17},"end":{"line":6,"column":42}},"4":{"start":{"line":7,"column":12},"end":{"line":7,"column":49}},"5":{"start":{"line":8,"column":15},"end":{"line":8,"column":65}},"6":{"start":{"line":9,"column":11},"end":{"line":9,"column":13}},"7":{"start":{"line":12,"column":0},"end":{"line":16,"column":1}},"8":{"start":{"line":13,"column":2},"end":{"line":13,"column":74}},"9":{"start":{"line":15,"column":2},"end":{"line":15,"column":87}},"10":{"start":{"line":18,"column":0},"end":{"line":26,"column":5}},"11":{"start":{"line":21,"column":4},"end":{"line":21,"column":90}},"12":{"start":{"line":24,"column":18},"end":{"line":24,"column":85}},"13":{"start":{"line":25,"column":4},"end":{"line":25,"column":27}},"14":{"start":{"line":28,"column":0},"end":{"line":32,"column":3}},"15":{"start":{"line":29,"column":2},"end":{"line":31,"column":3}},"16":{"start":{"line":30,"column":4},"end":{"line":30,"column":32}},"17":{"start":{"line":34,"column":0},"end":{"line":34,"column":25}},"18":{"start":{"line":35,"column":0},"end":{"line":35,"column":25}},"19":{"start":{"line":37,"column":0},"end":{"line":37,"column":20}}},"fnMap":{"0":{"name":"(anonymous_0)","decl":{"start":{"line":20,"column":10},"end":{"line":20,"column":11}},"loc":{"start":{"line":20,"column":18},"end":{"line":22,"column":3}},"line":20},"1":{"name":"(anonymous_1)","decl":{"start":{"line":23,"column":11},"end":{"line":23,"column":12}},"loc":{"start":{"line":23,"column":19},"end":{"line":26,"column":3}},"line":23},"2":{"name":"(anonymous_2)","decl":{"start":{"line":28,"column":24},"end":{"line":28,"column":25}},"loc":{"start":{"line":28,"column":37},"end":{"line":32,"column":1}},"line":28}},"branchMap":{"0":{"loc":{"start":{"line":7,"column":12},"end":{"line":7,"column":49}},"type":"binary-expr","locations":[{"start":{"line":7,"column":12},"end":{"line":7,"column":32}},{"start":{"line":7,"column":36},"end":{"line":7,"column":49}}],"line":7},"1":{"loc":{"start":{"line":12,"column":0},"end":{"line":16,"column":1}},"type":"if","locations":[{"start":{"line":12,"column":0},"end":{"line":16,"column":1}},{"start":{"line":12,"column":0},"end":{"line":16,"column":1}}],"line":12},"2":{"loc":{"start":{"line":21,"column":11},"end":{"line":21,"column":89}},"type":"binary-expr","locations":[{"start":{"line":21,"column":12},"end":{"line":21,"column":35}},{"start":{"line":21,"column":41},"end":{"line":21,"column":58}},{"start":{"line":21,"column":64},"end":{"line":21,"column":88}}],"line":21},"3":{"loc":{"start":{"line":29,"column":2},"end":{"line":31,"column":3}},"type":"if","locations":[{"start":{"line":29,"column":2},"end":{"line":31,"column":3}},{"start":{"line":29,"column":2},"end":{"line":31,"column":3}}],"line":29}},"s":{"0":2,"1":2,"2":2,"3":2,"4":2,"5":2,"6":2,"7":2,"8":0,"9":2,"10":2,"11":4,"12":2,"13":2,"14":2,"15":2,"16":2,"17":2,"18":2,"19":2},"f":{"0":4,"1":2,"2":2},"b":{"0":[2,0],"1":[0,2],"2":[4,4,2],"3":[2,0]},"_coverageSchema":"1a1c01bbd47fc00a2c39e90264f33305004495a9","hash":"33d66216f2209e19800aa4686a2239576e579f62"}
,"/Users/Asmita_Hajra/evaluation-shop/src/models/item.js": {"path":"/Users/Asmita_Hajra/evaluation-shop/src/models/item.js","statementMap":{"0":{"start":{"line":4,"column":4},"end":{"line":4,"column":24}},"1":{"start":{"line":5,"column":0},"end":{"line":28,"column":2}},"2":{"start":{"line":16,"column":2},"end":{"line":26,"column":5}},"3":{"start":{"line":27,"column":2},"end":{"line":27,"column":14}}},"fnMap":{"0":{"name":"(anonymous_0)","decl":{"start":{"line":5,"column":17},"end":{"line":5,"column":18}},"loc":{"start":{"line":5,"column":43},"end":{"line":28,"column":1}},"line":5},"1":{"name":"(anonymous_1)","decl":{"start":{"line":12,"column":4},"end":{"line":12,"column":5}},"loc":{"start":{"line":12,"column":29},"end":{"line":14,"column":5}},"line":12}},"branchMap":{},"s":{"0":2,"1":2,"2":2,"3":2},"f":{"0":2,"1":2},"b":{},"_coverageSchema":"1a1c01bbd47fc00a2c39e90264f33305004495a9","hash":"4c8fa2a2f56a33bef57db6de546319847be4d3ac"}
,"/Users/Asmita_Hajra/evaluation-shop/src/services/shop.service.js": {"path":"/Users/Asmita_Hajra/evaluation-shop/src/services/shop.service.js","statementMap":{"0":{"start":{"line":3,"column":27},"end":{"line":3,"column":43}},"1":{"start":{"line":4,"column":15},"end":{"line":4,"column":35}},"2":{"start":{"line":5,"column":17},"end":{"line":5,"column":37}},"3":{"start":{"line":7,"column":26},"end":{"line":64,"column":1}},"4":{"start":{"line":15,"column":20},"end":{"line":15,"column":24}},"5":{"start":{"line":16,"column":18},"end":{"line":16,"column":19}},"6":{"start":{"line":20,"column":2},"end":{"line":61,"column":3}},"7":{"start":{"line":21,"column":4},"end":{"line":21,"column":43}},"8":{"start":{"line":23,"column":4},"end":{"line":23,"column":123}},"9":{"start":{"line":25,"column":4},"end":{"line":25,"column":60}},"10":{"start":{"line":28,"column":4},"end":{"line":60,"column":5}},"11":{"start":{"line":29,"column":6},"end":{"line":29,"column":44}},"12":{"start":{"line":31,"column":6},"end":{"line":31,"column":107}},"13":{"start":{"line":32,"column":6},"end":{"line":32,"column":54}},"14":{"start":{"line":34,"column":6},"end":{"line":44,"column":7}},"15":{"start":{"line":35,"column":8},"end":{"line":37,"column":9}},"16":{"start":{"line":36,"column":10},"end":{"line":36,"column":54}},"17":{"start":{"line":38,"column":8},"end":{"line":40,"column":9}},"18":{"start":{"line":39,"column":10},"end":{"line":39,"column":52}},"19":{"start":{"line":41,"column":8},"end":{"line":43,"column":9}},"20":{"start":{"line":42,"column":10},"end":{"line":42,"column":53}},"21":{"start":{"line":46,"column":28},"end":{"line":50,"column":8}},"22":{"start":{"line":52,"column":22},"end":{"line":52,"column":24}},"23":{"start":{"line":53,"column":6},"end":{"line":59,"column":7}},"24":{"start":{"line":54,"column":8},"end":{"line":56,"column":11}},"25":{"start":{"line":63,"column":2},"end":{"line":63,"column":21}},"26":{"start":{"line":66,"column":20},"end":{"line":90,"column":1}},"27":{"start":{"line":67,"column":21},"end":{"line":67,"column":23}},"28":{"start":{"line":68,"column":19},"end":{"line":68,"column":21}},"29":{"start":{"line":69,"column":20},"end":{"line":69,"column":22}},"30":{"start":{"line":70,"column":16},"end":{"line":70,"column":73}},"31":{"start":{"line":72,"column":2},"end":{"line":76,"column":3}},"32":{"start":{"line":73,"column":4},"end":{"line":73,"column":51}},"33":{"start":{"line":74,"column":4},"end":{"line":74,"column":47}},"34":{"start":{"line":75,"column":4},"end":{"line":75,"column":49}},"35":{"start":{"line":78,"column":24},"end":{"line":78,"column":89}},"36":{"start":{"line":78,"column":57},"end":{"line":78,"column":88}},"37":{"start":{"line":79,"column":22},"end":{"line":79,"column":83}},"38":{"start":{"line":79,"column":53},"end":{"line":79,"column":82}},"39":{"start":{"line":80,"column":23},"end":{"line":80,"column":86}},"40":{"start":{"line":80,"column":55},"end":{"line":80,"column":85}},"41":{"start":{"line":81,"column":25},"end":{"line":87,"column":3}},"42":{"start":{"line":89,"column":2},"end":{"line":89,"column":24}},"43":{"start":{"line":92,"column":26},"end":{"line":102,"column":1}},"44":{"start":{"line":93,"column":23},"end":{"line":93,"column":27}},"45":{"start":{"line":94,"column":23},"end":{"line":94,"column":27}},"46":{"start":{"line":95,"column":29},"end":{"line":95,"column":31}},"47":{"start":{"line":96,"column":26},"end":{"line":96,"column":149}},"48":{"start":{"line":97,"column":2},"end":{"line":97,"column":31}},"49":{"start":{"line":98,"column":2},"end":{"line":100,"column":3}},"50":{"start":{"line":99,"column":4},"end":{"line":99,"column":70}},"51":{"start":{"line":101,"column":2},"end":{"line":101,"column":28}},"52":{"start":{"line":104,"column":0},"end":{"line":104,"column":71}}},"fnMap":{"0":{"name":"(anonymous_0)","decl":{"start":{"line":7,"column":26},"end":{"line":7,"column":27}},"loc":{"start":{"line":7,"column":51},"end":{"line":64,"column":1}},"line":7},"1":{"name":"(anonymous_1)","decl":{"start":{"line":66,"column":20},"end":{"line":66,"column":21}},"loc":{"start":{"line":66,"column":44},"end":{"line":90,"column":1}},"line":66},"2":{"name":"(anonymous_2)","decl":{"start":{"line":78,"column":42},"end":{"line":78,"column":43}},"loc":{"start":{"line":78,"column":57},"end":{"line":78,"column":88}},"line":78},"3":{"name":"(anonymous_3)","decl":{"start":{"line":79,"column":38},"end":{"line":79,"column":39}},"loc":{"start":{"line":79,"column":53},"end":{"line":79,"column":82}},"line":79},"4":{"name":"(anonymous_4)","decl":{"start":{"line":80,"column":40},"end":{"line":80,"column":41}},"loc":{"start":{"line":80,"column":55},"end":{"line":80,"column":85}},"line":80},"5":{"name":"(anonymous_5)","decl":{"start":{"line":92,"column":26},"end":{"line":92,"column":27}},"loc":{"start":{"line":92,"column":42},"end":{"line":102,"column":1}},"line":92}},"branchMap":{"0":{"loc":{"start":{"line":35,"column":8},"end":{"line":37,"column":9}},"type":"if","locations":[{"start":{"line":35,"column":8},"end":{"line":37,"column":9}},{"start":{"line":35,"column":8},"end":{"line":37,"column":9}}],"line":35},"1":{"loc":{"start":{"line":38,"column":8},"end":{"line":40,"column":9}},"type":"if","locations":[{"start":{"line":38,"column":8},"end":{"line":40,"column":9}},{"start":{"line":38,"column":8},"end":{"line":40,"column":9}}],"line":38},"2":{"loc":{"start":{"line":41,"column":8},"end":{"line":43,"column":9}},"type":"if","locations":[{"start":{"line":41,"column":8},"end":{"line":43,"column":9}},{"start":{"line":41,"column":8},"end":{"line":43,"column":9}}],"line":41},"3":{"loc":{"start":{"line":53,"column":6},"end":{"line":59,"column":7}},"type":"if","locations":[{"start":{"line":53,"column":6},"end":{"line":59,"column":7}},{"start":{"line":53,"column":6},"end":{"line":59,"column":7}}],"line":53}},"s":{"0":2,"1":2,"2":2,"3":2,"4":1,"5":1,"6":1,"7":1,"8":1,"9":1,"10":1,"11":1,"12":1,"13":1,"14":1,"15":3,"16":1,"17":3,"18":1,"19":3,"20":1,"21":1,"22":1,"23":1,"24":1,"25":1,"26":2,"27":1,"28":1,"29":1,"30":1,"31":1,"32":1,"33":1,"34":1,"35":1,"36":1,"37":1,"38":1,"39":1,"40":1,"41":1,"42":1,"43":2,"44":1,"45":1,"46":1,"47":1,"48":1,"49":1,"50":1,"51":1,"52":2},"f":{"0":1,"1":1,"2":1,"3":1,"4":1,"5":1},"b":{"0":[1,2],"1":[1,2],"2":[1,2],"3":[1,0]},"_coverageSchema":"1a1c01bbd47fc00a2c39e90264f33305004495a9","hash":"c8982d11fa0a7577165f4c52a748b53ebd5b026d"}
}
