TN:
SF:src/handlers/shop.handler.js
FN:7,(anonymous_0)
FN:26,(anonymous_1)
FN:36,(anonymous_2)
FNF:3
FNH:3
FNDA:2,(anonymous_0)
FNDA:2,(anonymous_1)
FNDA:2,(anonymous_2)
DA:1,1
DA:7,1
DA:8,2
DA:10,2
DA:12,2
DA:19,2
DA:21,1
DA:23,1
DA:26,1
DA:27,2
DA:28,2
DA:29,2
DA:30,2
DA:31,1
DA:33,1
DA:36,1
DA:37,2
DA:38,2
DA:40,2
DA:41,2
DA:42,1
DA:44,1
DA:47,1
LF:23
LH:23
BRDA:19,0,0,1
BRDA:19,0,1,1
BRDA:30,1,0,1
BRDA:30,1,1,1
BRDA:41,2,0,1
BRDA:41,2,1,1
BRF:6
BRH:6
end_of_record
TN:
SF:src/models/index.js
FN:20,(anonymous_0)
FN:23,(anonymous_1)
FN:28,(anonymous_2)
FNF:3
FNH:3
FNDA:4,(anonymous_0)
FNDA:2,(anonymous_1)
FNDA:2,(anonymous_2)
DA:3,2
DA:4,2
DA:5,2
DA:6,2
DA:7,2
DA:8,2
DA:9,2
DA:12,2
DA:13,0
DA:15,2
DA:18,2
DA:21,4
DA:24,2
DA:25,2
DA:28,2
DA:29,2
DA:30,2
DA:34,2
DA:35,2
DA:37,2
LF:20
LH:19
BRDA:7,0,0,2
BRDA:7,0,1,0
BRDA:12,1,0,0
BRDA:12,1,1,2
BRDA:21,2,0,4
BRDA:21,2,1,4
BRDA:21,2,2,2
BRDA:29,3,0,2
BRDA:29,3,1,0
BRF:9
BRH:6
end_of_record
TN:
SF:src/models/item.js
FN:5,(anonymous_0)
FN:12,(anonymous_1)
FNF:2
FNH:2
FNDA:2,(anonymous_0)
FNDA:2,(anonymous_1)
DA:4,2
DA:5,2
DA:16,2
DA:27,2
LF:4
LH:4
BRF:0
BRH:0
end_of_record
TN:
SF:src/services/shop.service.js
FN:7,(anonymous_0)
FN:66,(anonymous_1)
FN:78,(anonymous_2)
FN:79,(anonymous_3)
FN:80,(anonymous_4)
FN:92,(anonymous_5)
FNF:6
FNH:6
FNDA:1,(anonymous_0)
FNDA:1,(anonymous_1)
FNDA:1,(anonymous_2)
FNDA:1,(anonymous_3)
FNDA:1,(anonymous_4)
FNDA:1,(anonymous_5)
DA:3,2
DA:4,2
DA:5,2
DA:7,2
DA:15,1
DA:16,1
DA:20,1
DA:21,1
DA:23,1
DA:25,1
DA:28,1
DA:29,1
DA:31,1
DA:32,1
DA:34,1
DA:35,3
DA:36,1
DA:38,3
DA:39,1
DA:41,3
DA:42,1
DA:46,1
DA:52,1
DA:53,1
DA:54,1
DA:63,1
DA:66,2
DA:67,1
DA:68,1
DA:69,1
DA:70,1
DA:72,1
DA:73,1
DA:74,1
DA:75,1
DA:78,1
DA:79,1
DA:80,1
DA:81,1
DA:89,1
DA:92,2
DA:93,1
DA:94,1
DA:95,1
DA:96,1
DA:97,1
DA:98,1
DA:99,1
DA:101,1
DA:104,2
LF:50
LH:50
BRDA:35,0,0,1
BRDA:35,0,1,2
BRDA:38,1,0,1
BRDA:38,1,1,2
BRDA:41,2,0,1
BRDA:41,2,1,2
BRDA:53,3,0,1
BRDA:53,3,1,0
BRF:8
BRH:7
end_of_record
